[1;32mamazon-ebs output will be in this color.[0m

[1;32m==> amazon-ebs: Prevalidating AMI Name...[0m
[0;32m    amazon-ebs: Found Image ID: ami-e4c63e8b[0m
[1;32m==> amazon-ebs: Creating temporary keypair: packer_5939c300-ece9-2278-a621-fe63c374661a[0m
[1;32m==> amazon-ebs: Creating temporary security group for this instance...[0m
[1;32m==> amazon-ebs: Authorizing access to port 22 the temporary security group...[0m
[1;32m==> amazon-ebs: Launching a source AWS instance...[0m
[0;32m    amazon-ebs: Instance ID: i-0749f5a34b0b91e14[0m
[1;32m==> amazon-ebs: Waiting for instance (i-0749f5a34b0b91e14) to become ready...[0m
[1;32m==> amazon-ebs: Adding tags to source instance[0m
[1;32m==> amazon-ebs: Waiting for SSH to become available...[0m
[1;32m==> amazon-ebs: Connected to SSH![0m
[1;32m==> amazon-ebs: Provisioning with shell script: /var/folders/sn/lbjng_td3pb4_bnqk9r1b9fw0000gn/T/packer-shell093797267[0m
[0;32m    amazon-ebs: Loaded plugins: amazon-id, rhui-lb, search-disabled-repos[0m
[0;32m    amazon-ebs: Resolving Dependencies[0m
[0;32m    amazon-ebs: --> Running transaction check[0m
[0;32m    amazon-ebs: ---> Package NetworkManager.x86_64 1:1.4.0-12.el7 will be updated[0m
[0;32m    amazon-ebs: ---> Package NetworkManager.x86_64 1:1.4.0-20.el7_3 will be an update[0m
[0;32m    amazon-ebs: ---> Package NetworkManager-config-server.x86_64 1:1.4.0-12.el7 will be updated[0m
[0;32m    amazon-ebs: ---> Package NetworkManager-config-server.x86_64 1:1.4.0-20.el7_3 will be an update[0m
[0;32m    amazon-ebs: ---> Package NetworkManager-libnm.x86_64 1:1.4.0-12.el7 will be updated[0m
[0;32m    amazon-ebs: ---> Package NetworkManager-libnm.x86_64 1:1.4.0-20.el7_3 will be an update[0m
[0;32m    amazon-ebs: ---> Package NetworkManager-team.x86_64 1:1.4.0-12.el7 will be updated[0m
[0;32m    amazon-ebs: ---> Package NetworkManager-team.x86_64 1:1.4.0-20.el7_3 will be an update[0m
[0;32m    amazon-ebs: ---> Package NetworkManager-tui.x86_64 1:1.4.0-12.el7 will be updated[0m
[0;32m    amazon-ebs: ---> Package NetworkManager-tui.x86_64 1:1.4.0-20.el7_3 will be an update[0m
[0;32m    amazon-ebs: ---> Package audit.x86_64 0:2.6.5-3.el7 will be updated[0m
[0;32m    amazon-ebs: ---> Package audit.x86_64 0:2.6.5-3.el7_3.1 will be an update[0m
[0;32m    amazon-ebs: ---> Package audit-libs.x86_64 0:2.6.5-3.el7 will be updated[0m
[0;32m    amazon-ebs: ---> Package audit-libs.x86_64 0:2.6.5-3.el7_3.1 will be an update[0m
[0;32m    amazon-ebs: ---> Package audit-libs-python.x86_64 0:2.6.5-3.el7 will be updated[0m
[0;32m    amazon-ebs: ---> Package audit-libs-python.x86_64 0:2.6.5-3.el7_3.1 will be an update[0m
[0;32m    amazon-ebs: ---> Package bash.x86_64 0:4.2.46-20.el7_2 will be updated[0m
[0;32m    amazon-ebs: ---> Package bash.x86_64 0:4.2.46-21.el7_3 will be an update[0m
[0;32m    amazon-ebs: ---> Package bind-libs-lite.x86_64 32:9.9.4-37.el7 will be updated[0m
[0;32m    amazon-ebs: ---> Package bind-libs-lite.x86_64 32:9.9.4-38.el7_3.3 will be an update[0m
[0;32m    amazon-ebs: ---> Package bind-license.noarch 32:9.9.4-37.el7 will be updated[0m
[0;32m    amazon-ebs: ---> Package bind-license.noarch 32:9.9.4-38.el7_3.3 will be an update[0m
[0;32m    amazon-ebs: ---> Package ca-certificates.noarch 0:2015.2.6-73.el7 will be updated[0m
[0;32m    amazon-ebs: ---> Package ca-certificates.noarch 0:2017.2.11-70.1.el7_3 will be an update[0m
[0;32m    amazon-ebs: ---> Package chrony.x86_64 0:2.1.1-3.el7 will be updated[0m
[0;32m    amazon-ebs: ---> Package chrony.x86_64 0:2.1.1-4.el7_3 will be an update[0m
[0;32m    amazon-ebs: ---> Package cloud-init.x86_64 0:0.7.6-2.el7 will be updated[0m
[0;32m    amazon-ebs: ---> Package cloud-init.x86_64 0:0.7.9-3.el7 will be an update[0m
[0;32m    amazon-ebs: --> Processing Dependency: pyserial for package: cloud-init-0.7.9-3.el7.x86_64[0m
[0;32m    amazon-ebs: --> Processing Dependency: python-jinja2 for package: cloud-init-0.7.9-3.el7.x86_64[0m
[0;32m    amazon-ebs: --> Processing Dependency: python-setuptools for package: cloud-init-0.7.9-3.el7.x86_64[0m
[0;32m    amazon-ebs: ---> Package cloud-utils-growpart.noarch 0:0.27-13.el7 will be updated[0m
[0;32m    amazon-ebs: ---> Package cloud-utils-growpart.noarch 0:0.29-1.el7 will be an update[0m
[0;32m    amazon-ebs: ---> Package device-mapper.x86_64 7:1.02.135-1.el7 will be updated[0m
[0;32m    amazon-ebs: ---> Package device-mapper.x86_64 7:1.02.135-1.el7_3.4 will be an update[0m
[0;32m    amazon-ebs: ---> Package device-mapper-libs.x86_64 7:1.02.135-1.el7 will be updated[0m
[0;32m    amazon-ebs: ---> Package device-mapper-libs.x86_64 7:1.02.135-1.el7_3.4 will be an update[0m
[0;32m    amazon-ebs: ---> Package dmidecode.x86_64 1:3.0-2.el7 will be updated[0m
[0;32m    amazon-ebs: ---> Package dmidecode.x86_64 1:3.0-2.1.el7_3 will be an update[0m
[0;32m    amazon-ebs: ---> Package dracut.x86_64 0:033-463.el7 will be updated[0m
[0;32m    amazon-ebs: ---> Package dracut.x86_64 0:033-463.el7_3.1 will be an update[0m
[0;32m    amazon-ebs: ---> Package dracut-config-generic.x86_64 0:033-463.el7 will be updated[0m
[0;32m    amazon-ebs: ---> Package dracut-config-generic.x86_64 0:033-463.el7_3.1 will be an update[0m
[0;32m    amazon-ebs: ---> Package dracut-config-rescue.x86_64 0:033-463.el7 will be updated[0m
[0;32m    amazon-ebs: ---> Package dracut-config-rescue.x86_64 0:033-463.el7_3.1 will be an update[0m
[0;32m    amazon-ebs: ---> Package dracut-network.x86_64 0:033-463.el7 will be updated[0m
[0;32m    amazon-ebs: ---> Package dracut-network.x86_64 0:033-463.el7_3.1 will be an update[0m
[0;32m    amazon-ebs: ---> Package emacs-filesystem.noarch 1:24.3-18.el7 will be updated[0m
[0;32m    amazon-ebs: ---> Package emacs-filesystem.noarch 1:24.3-19.el7_3 will be an update[0m
[0;32m    amazon-ebs: ---> Package expat.x86_64 0:2.1.0-8.el7 will be updated[0m
[0;32m    amazon-ebs: ---> Package expat.x86_64 0:2.1.0-10.el7_3 will be an update[0m
[0;32m    amazon-ebs: ---> Package glibc.x86_64 0:2.17-157.el7 will be updated[0m
[0;32m    amazon-ebs: ---> Package glibc.x86_64 0:2.17-157.el7_3.2 will be an update[0m
[0;32m    amazon-ebs: ---> Package glibc-common.x86_64 0:2.17-157.el7 will be updated[0m
[0;32m    amazon-ebs: ---> Package glibc-common.x86_64 0:2.17-157.el7_3.2 will be an update[0m
[0;32m    amazon-ebs: ---> Package grubby.x86_64 0:8.28-18.el7 will be updated[0m
[0;32m    amazon-ebs: ---> Package grubby.x86_64 0:8.28-21.el7_3 will be an update[0m
[0;32m    amazon-ebs: ---> Package initscripts.x86_64 0:9.49.37-1.el7 will be updated[0m
[0;32m    amazon-ebs: ---> Package initscripts.x86_64 0:9.49.37-1.el7_3.1 will be an update[0m
[0;32m    amazon-ebs: ---> Package irqbalance.x86_64 3:1.0.7-6.el7 will be updated[0m
[0;32m    amazon-ebs: ---> Package irqbalance.x86_64 3:1.0.7-6.el7_3.1 will be an update[0m
[0;32m    amazon-ebs: ---> Package kernel.x86_64 0:3.10.0-514.21.1.el7 will be installed[0m
[0;32m    amazon-ebs: --> Processing Dependency: linux-firmware >= 20160830-49 for package: kernel-3.10.0-514.21.1.el7.x86_64[0m
[0;32m    amazon-ebs: ---> Package kernel-tools.x86_64 0:3.10.0-514.el7 will be updated[0m
[0;32m    amazon-ebs: ---> Package kernel-tools.x86_64 0:3.10.0-514.21.1.el7 will be an update[0m
[0;32m    amazon-ebs: ---> Package kernel-tools-libs.x86_64 0:3.10.0-514.el7 will be updated[0m
[0;32m    amazon-ebs: ---> Package kernel-tools-libs.x86_64 0:3.10.0-514.21.1.el7 will be an update[0m
[0;32m    amazon-ebs: ---> Package kpartx.x86_64 0:0.4.9-99.el7 will be updated[0m
[0;32m    amazon-ebs: ---> Package kpartx.x86_64 0:0.4.9-99.el7_3.3 will be an update[0m
[0;32m    amazon-ebs: ---> Package krb5-libs.x86_64 0:1.14.1-26.el7 will be updated[0m
[0;32m    amazon-ebs: ---> Package krb5-libs.x86_64 0:1.14.1-27.el7_3 will be an update[0m
[0;32m    amazon-ebs: ---> Package libblkid.x86_64 0:2.23.2-33.el7 will be updated[0m
[0;32m    amazon-ebs: ---> Package libblkid.x86_64 0:2.23.2-33.el7_3.2 will be an update[0m
[0;32m    amazon-ebs: ---> Package libgcrypt.x86_64 0:1.5.3-12.el7_1.1 will be updated[0m
[0;32m    amazon-ebs: ---> Package libgcrypt.x86_64 0:1.5.3-13.el7_3.1 will be an update[0m
[0;32m    amazon-ebs: ---> Package libgudev1.x86_64 0:219-30.el7 will be updated[0m
[0;32m    amazon-ebs: ---> Package libgudev1.x86_64 0:219-30.el7_3.9 will be an update[0m
[0;32m    amazon-ebs: ---> Package libmount.x86_64 0:2.23.2-33.el7 will be updated[0m
[0;32m    amazon-ebs: ---> Package libmount.x86_64 0:2.23.2-33.el7_3.2 will be an update[0m
[0;32m    amazon-ebs: ---> Package libnetfilter_conntrack.x86_64 0:1.0.4-2.el7 will be updated[0m
[0;32m    amazon-ebs: ---> Package libnetfilter_conntrack.x86_64 0:1.0.6-1.el7_3 will be an update[0m
[0;32m    amazon-ebs: ---> Package libnl3.x86_64 0:3.2.28-2.el7 will be updated[0m
[0;32m    amazon-ebs: ---> Package libnl3.x86_64 0:3.2.28-3.el7_3 will be an update[0m
[0;32m    amazon-ebs: ---> Package libnl3-cli.x86_64 0:3.2.28-2.el7 will be updated[0m
[0;32m    amazon-ebs: ---> Package libnl3-cli.x86_64 0:3.2.28-3.el7_3 will be an update[0m
[0;32m    amazon-ebs: ---> Package libsemanage.x86_64 0:2.5-4.el7 will be updated[0m
[0;32m    amazon-ebs: ---> Package libsemanage.x86_64 0:2.5-5.1.el7_3 will be an update[0m
[0;32m    amazon-ebs: ---> Package libsemanage-python.x86_64 0:2.5-4.el7 will be updated[0m
[0;32m    amazon-ebs: ---> Package libsemanage-python.x86_64 0:2.5-5.1.el7_3 will be an update[0m
[0;32m    amazon-ebs: ---> Package libuuid.x86_64 0:2.23.2-33.el7 will be updated[0m
[0;32m    amazon-ebs: ---> Package libuuid.x86_64 0:2.23.2-33.el7_3.2 will be an update[0m
[0;32m    amazon-ebs: ---> Package microcode_ctl.x86_64 2:2.1-16.el7 will be updated[0m
[0;32m    amazon-ebs: ---> Package microcode_ctl.x86_64 2:2.1-16.3.el7_3 will be an update[0m
[0;32m    amazon-ebs: ---> Package nspr.x86_64 0:4.11.0-1.el7_2 will be updated[0m
[0;32m    amazon-ebs: ---> Package nspr.x86_64 0:4.13.1-1.0.el7_3 will be an update[0m
[0;32m    amazon-ebs: ---> Package nss.x86_64 0:3.21.0-17.el7 will be updated[0m
[0;32m    amazon-ebs: ---> Package nss.x86_64 0:3.28.4-1.2.el7_3 will be an update[0m
[0;32m    amazon-ebs: ---> Package nss-sysinit.x86_64 0:3.21.0-17.el7 will be updated[0m
[0;32m    amazon-ebs: ---> Package nss-sysinit.x86_64 0:3.28.4-1.2.el7_3 will be an update[0m
[0;32m    amazon-ebs: ---> Package nss-tools.x86_64 0:3.21.0-17.el7 will be updated[0m
[0;32m    amazon-ebs: ---> Package nss-tools.x86_64 0:3.28.4-1.2.el7_3 will be an update[0m
[0;32m    amazon-ebs: ---> Package nss-util.x86_64 0:3.21.0-2.2.el7_2 will be updated[0m
[0;32m    amazon-ebs: ---> Package nss-util.x86_64 0:3.28.4-1.0.el7_3 will be an update[0m
[0;32m    amazon-ebs: ---> Package openssh.x86_64 0:6.6.1p1-31.el7 will be updated[0m
[0;32m    amazon-ebs: ---> Package openssh.x86_64 0:6.6.1p1-35.el7_3 will be an update[0m
[0;32m    amazon-ebs: ---> Package openssh-clients.x86_64 0:6.6.1p1-31.el7 will be updated[0m
[0;32m    amazon-ebs: ---> Package openssh-clients.x86_64 0:6.6.1p1-35.el7_3 will be an update[0m
[0;32m    amazon-ebs: ---> Package openssh-server.x86_64 0:6.6.1p1-31.el7 will be updated[0m
[0;32m    amazon-ebs: ---> Package openssh-server.x86_64 0:6.6.1p1-35.el7_3 will be an update[0m
[0;32m    amazon-ebs: ---> Package openssl.x86_64 1:1.0.1e-60.el7 will be updated[0m
[0;32m    amazon-ebs: ---> Package openssl.x86_64 1:1.0.1e-60.el7_3.1 will be an update[0m
[0;32m    amazon-ebs: ---> Package openssl-libs.x86_64 1:1.0.1e-60.el7 will be updated[0m
[0;32m    amazon-ebs: ---> Package openssl-libs.x86_64 1:1.0.1e-60.el7_3.1 will be an update[0m
[0;32m    amazon-ebs: ---> Package policycoreutils.x86_64 0:2.5-8.el7 will be updated[0m
[0;32m    amazon-ebs: ---> Package policycoreutils.x86_64 0:2.5-11.el7_3 will be an update[0m
[0;32m    amazon-ebs: ---> Package policycoreutils-python.x86_64 0:2.5-8.el7 will be updated[0m
[0;32m    amazon-ebs: ---> Package policycoreutils-python.x86_64 0:2.5-11.el7_3 will be an update[0m
[0;32m    amazon-ebs: ---> Package polkit.x86_64 0:0.112-9.el7 will be updated[0m
[0;32m    amazon-ebs: ---> Package polkit.x86_64 0:0.112-12.el7_3 will be an update[0m
[0;32m    amazon-ebs: ---> Package python-perf.x86_64 0:3.10.0-514.el7 will be updated[0m
[0;32m    amazon-ebs: ---> Package python-perf.x86_64 0:3.10.0-514.21.1.el7 will be an update[0m
[0;32m    amazon-ebs: ---> Package rdma.noarch 0:7.3_4.7_rc2-5.el7 will be updated[0m
[0;32m    amazon-ebs: ---> Package rdma.noarch 0:7.3_4.7_rc2-6.el7_3 will be an update[0m
[0;32m    amazon-ebs: ---> Package rh-amazon-rhui-client.noarch 0:2.2.118-1.el7 will be updated[0m
[0;32m    amazon-ebs: ---> Package rh-amazon-rhui-client.noarch 0:2.2.123-2.el7 will be an update[0m
[0;32m    amazon-ebs: ---> Package selinux-policy.noarch 0:3.13.1-102.el7 will be updated[0m
[0;32m    amazon-ebs: ---> Package selinux-policy.noarch 0:3.13.1-102.el7_3.16 will be an update[0m
[0;32m    amazon-ebs: ---> Package selinux-policy-targeted.noarch 0:3.13.1-102.el7 will be updated[0m
[0;32m    amazon-ebs: ---> Package selinux-policy-targeted.noarch 0:3.13.1-102.el7_3.16 will be an update[0m
[0;32m    amazon-ebs: ---> Package sudo.x86_64 0:1.8.6p7-20.el7 will be updated[0m
[0;32m    amazon-ebs: ---> Package sudo.x86_64 0:1.8.6p7-22.el7_3 will be an update[0m
[0;32m    amazon-ebs: ---> Package systemd.x86_64 0:219-30.el7 will be updated[0m
[0;32m    amazon-ebs: ---> Package systemd.x86_64 0:219-30.el7_3.9 will be an update[0m
[0;32m    amazon-ebs: ---> Package systemd-libs.x86_64 0:219-30.el7 will be updated[0m
[0;32m    amazon-ebs: ---> Package systemd-libs.x86_64 0:219-30.el7_3.9 will be an update[0m
[0;32m    amazon-ebs: ---> Package systemd-sysv.x86_64 0:219-30.el7 will be updated[0m
[0;32m    amazon-ebs: ---> Package systemd-sysv.x86_64 0:219-30.el7_3.9 will be an update[0m
[0;32m    amazon-ebs: ---> Package tuned.noarch 0:2.7.1-3.el7 will be updated[0m
[0;32m    amazon-ebs: ---> Package tuned.noarch 0:2.7.1-3.el7_3.2 will be an update[0m
[0;32m    amazon-ebs: ---> Package tzdata.noarch 0:2016g-2.el7 will be updated[0m
[0;32m    amazon-ebs: ---> Package tzdata.noarch 0:2017b-1.el7 will be an update[0m
[0;32m    amazon-ebs: ---> Package util-linux.x86_64 0:2.23.2-33.el7 will be updated[0m
[0;32m    amazon-ebs: ---> Package util-linux.x86_64 0:2.23.2-33.el7_3.2 will be an update[0m
[0;32m    amazon-ebs: ---> Package vim-minimal.x86_64 2:7.4.160-1.el7 will be updated[0m
[0;32m    amazon-ebs: ---> Package vim-minimal.x86_64 2:7.4.160-1.el7_3.1 will be an update[0m
[0;32m    amazon-ebs: ---> Package wpa_supplicant.x86_64 1:2.0-20.el7 will be updated[0m
[0;32m    amazon-ebs: ---> Package wpa_supplicant.x86_64 1:2.0-21.el7_3 will be an update[0m
[0;32m    amazon-ebs: ---> Package xfsprogs.x86_64 0:4.5.0-8.el7 will be updated[0m
[0;32m    amazon-ebs: ---> Package xfsprogs.x86_64 0:4.5.0-9.el7_3 will be an update[0m
[0;32m    amazon-ebs: ---> Package yum-rhn-plugin.noarch 0:2.0.1-6.el7 will be updated[0m
[0;32m    amazon-ebs: ---> Package yum-rhn-plugin.noarch 0:2.0.1-6.1.el7_3 will be an update[0m
[0;32m    amazon-ebs: --> Running transaction check[0m
[0;32m    amazon-ebs: ---> Package linux-firmware.noarch 0:20160830-49.git7534e19.el7 will be installed[0m
[0;32m    amazon-ebs: ---> Package pyserial.noarch 0:2.6-5.el7 will be installed[0m
[0;32m    amazon-ebs: ---> Package python-jinja2.noarch 0:2.7.2-2.el7 will be installed[0m
[0;32m    amazon-ebs: --> Processing Dependency: python-babel >= 0.8 for package: python-jinja2-2.7.2-2.el7.noarch[0m
[0;32m    amazon-ebs: --> Processing Dependency: python-markupsafe for package: python-jinja2-2.7.2-2.el7.noarch[0m
[0;32m    amazon-ebs: ---> Package python-setuptools.noarch 0:0.9.8-4.el7 will be installed[0m
[0;32m    amazon-ebs: --> Running transaction check[0m
[0;32m    amazon-ebs: ---> Package python-babel.noarch 0:0.9.6-8.el7 will be installed[0m
[0;32m    amazon-ebs: ---> Package python-markupsafe.x86_64 0:0.11-10.el7 will be installed[0m
[0;32m    amazon-ebs: --> Finished Dependency Resolution[0m
[0;32m    amazon-ebs:[0m
[0;32m    amazon-ebs: Dependencies Resolved[0m
[0;32m    amazon-ebs:[0m
[0;32m    amazon-ebs: ================================================================================[0m
[0;32m    amazon-ebs: Package      Arch   Version             Repository                        Size[0m
[0;32m    amazon-ebs: ================================================================================[0m
[0;32m    amazon-ebs: Installing:[0m
[0;32m    amazon-ebs: kernel       x86_64 3.10.0-514.21.1.el7 rhui-REGION-rhel-server-releases  37 M[0m
[0;32m    amazon-ebs: Updating:[0m
[0;32m    amazon-ebs: NetworkManager[0m
[0;32m    amazon-ebs: x86_64 1:1.4.0-20.el7_3    rhui-REGION-rhel-server-releases 2.5 M[0m
[0;32m    amazon-ebs: NetworkManager-config-server[0m
[0;32m    amazon-ebs: x86_64 1:1.4.0-20.el7_3    rhui-REGION-rhel-server-releases 131 k[0m
[0;32m    amazon-ebs: NetworkManager-libnm[0m
[0;32m    amazon-ebs: x86_64 1:1.4.0-20.el7_3    rhui-REGION-rhel-server-releases 443 k[0m
[0;32m    amazon-ebs: NetworkManager-team[0m
[0;32m    amazon-ebs: x86_64 1:1.4.0-20.el7_3    rhui-REGION-rhel-server-releases 147 k[0m
[0;32m    amazon-ebs: NetworkManager-tui[0m
[0;32m    amazon-ebs: x86_64 1:1.4.0-20.el7_3    rhui-REGION-rhel-server-releases 224 k[0m
[0;32m    amazon-ebs: audit        x86_64 2.6.5-3.el7_3.1     rhui-REGION-rhel-server-releases 233 k[0m
[0;32m    amazon-ebs: audit-libs   x86_64 2.6.5-3.el7_3.1     rhui-REGION-rhel-server-releases  85 k[0m
[0;32m    amazon-ebs: audit-libs-python[0m
[0;32m    amazon-ebs: x86_64 2.6.5-3.el7_3.1     rhui-REGION-rhel-server-releases  70 k[0m
[0;32m    amazon-ebs: bash         x86_64 4.2.46-21.el7_3     rhui-REGION-rhel-server-releases 1.0 M[0m
[0;32m    amazon-ebs: bind-libs-lite[0m
[0;32m    amazon-ebs: x86_64 32:9.9.4-38.el7_3.3 rhui-REGION-rhel-server-releases 730 k[0m
[0;32m    amazon-ebs: bind-license noarch 32:9.9.4-38.el7_3.3 rhui-REGION-rhel-server-releases  83 k[0m
[0;32m    amazon-ebs: ca-certificates[0m
[0;32m    amazon-ebs: noarch 2017.2.11-70.1.el7_3[0m
[0;32m    amazon-ebs: rhui-REGION-rhel-server-releases 443 k[0m
[0;32m    amazon-ebs: chrony       x86_64 2.1.1-4.el7_3       rhui-REGION-rhel-server-releases 281 k[0m
[0;32m    amazon-ebs: cloud-init   x86_64 0.7.9-3.el7         rhui-REGION-rhel-server-rh-common[0m
[0;32m    amazon-ebs: 619 k[0m
[0;32m    amazon-ebs: cloud-utils-growpart[0m
[0;32m    amazon-ebs: noarch 0.29-1.el7          rhui-REGION-rhel-server-rh-common[0m
[0;32m    amazon-ebs: 26 k[0m
[0;32m    amazon-ebs: device-mapper[0m
[0;32m    amazon-ebs: x86_64 7:1.02.135-1.el7_3.4[0m
[0;32m    amazon-ebs: rhui-REGION-rhel-server-releases 269 k[0m
[0;32m    amazon-ebs: device-mapper-libs[0m
[0;32m    amazon-ebs: x86_64 7:1.02.135-1.el7_3.4[0m
[0;32m    amazon-ebs: rhui-REGION-rhel-server-releases 333 k[0m
[0;32m    amazon-ebs: dmidecode    x86_64 1:3.0-2.1.el7_3     rhui-REGION-rhel-server-releases  83 k[0m
[0;32m    amazon-ebs: dracut       x86_64 033-463.el7_3.1     rhui-REGION-rhel-server-releases 318 k[0m
[0;32m    amazon-ebs: dracut-config-generic[0m
[0;32m    amazon-ebs: x86_64 033-463.el7_3.1     rhui-REGION-rhel-server-releases  53 k[0m
[0;32m    amazon-ebs: dracut-config-rescue[0m
[0;32m    amazon-ebs: x86_64 033-463.el7_3.1     rhui-REGION-rhel-server-releases  54 k[0m
[0;32m    amazon-ebs: dracut-network[0m
[0;32m    amazon-ebs: x86_64 033-463.el7_3.1     rhui-REGION-rhel-server-releases  96 k[0m
[0;32m    amazon-ebs: emacs-filesystem[0m
[0;32m    amazon-ebs: noarch 1:24.3-19.el7_3     rhui-REGION-rhel-server-releases  58 k[0m
[0;32m    amazon-ebs: expat        x86_64 2.1.0-10.el7_3      rhui-REGION-rhel-server-releases  81 k[0m
[0;32m    amazon-ebs: glibc        x86_64 2.17-157.el7_3.2    rhui-REGION-rhel-server-releases 3.6 M[0m
[0;32m    amazon-ebs: glibc-common x86_64 2.17-157.el7_3.2    rhui-REGION-rhel-server-releases  11 M[0m
[0;32m    amazon-ebs: grubby       x86_64 8.28-21.el7_3       rhui-REGION-rhel-server-releases  70 k[0m
[0;32m    amazon-ebs: initscripts  x86_64 9.49.37-1.el7_3.1   rhui-REGION-rhel-server-releases 432 k[0m
[0;32m    amazon-ebs: irqbalance   x86_64 3:1.0.7-6.el7_3.1   rhui-REGION-rhel-server-releases  44 k[0m
[0;32m    amazon-ebs: kernel-tools x86_64 3.10.0-514.21.1.el7 rhui-REGION-rhel-server-releases 4.0 M[0m
[0;32m    amazon-ebs: kernel-tools-libs[0m
[0;32m    amazon-ebs: x86_64 3.10.0-514.21.1.el7 rhui-REGION-rhel-server-releases 3.9 M[0m
[0;32m    amazon-ebs: kpartx       x86_64 0.4.9-99.el7_3.3    rhui-REGION-rhel-server-releases  68 k[0m
[0;32m    amazon-ebs: krb5-libs    x86_64 1.14.1-27.el7_3     rhui-REGION-rhel-server-releases 740 k[0m
[0;32m    amazon-ebs: libblkid     x86_64 2.23.2-33.el7_3.2   rhui-REGION-rhel-server-releases 170 k[0m
[0;32m    amazon-ebs: libgcrypt    x86_64 1.5.3-13.el7_3.1    rhui-REGION-rhel-server-releases 263 k[0m
[0;32m    amazon-ebs: libgudev1    x86_64 219-30.el7_3.9      rhui-REGION-rhel-server-releases  77 k[0m
[0;32m    amazon-ebs: libmount     x86_64 2.23.2-33.el7_3.2   rhui-REGION-rhel-server-releases 172 k[0m
[0;32m    amazon-ebs: libnetfilter_conntrack[0m
[0;32m    amazon-ebs: x86_64 1.0.6-1.el7_3       rhui-REGION-rhel-server-releases  56 k[0m
[0;32m    amazon-ebs: libnl3       x86_64 3.2.28-3.el7_3      rhui-REGION-rhel-server-releases 278 k[0m
[0;32m    amazon-ebs: libnl3-cli   x86_64 3.2.28-3.el7_3      rhui-REGION-rhel-server-releases 160 k[0m
[0;32m    amazon-ebs: libsemanage  x86_64 2.5-5.1.el7_3       rhui-REGION-rhel-server-releases 145 k[0m
[0;32m    amazon-ebs: libsemanage-python[0m
[0;32m    amazon-ebs: x86_64 2.5-5.1.el7_3       rhui-REGION-rhel-server-releases 104 k[0m
[0;32m    amazon-ebs: libuuid      x86_64 2.23.2-33.el7_3.2   rhui-REGION-rhel-server-releases  76 k[0m
[0;32m    amazon-ebs: microcode_ctl[0m
[0;32m    amazon-ebs: x86_64 2:2.1-16.3.el7_3    rhui-REGION-rhel-server-releases 745 k[0m
[0;32m    amazon-ebs: nspr         x86_64 4.13.1-1.0.el7_3    rhui-REGION-rhel-server-releases 126 k[0m
[0;32m    amazon-ebs: nss          x86_64 3.28.4-1.2.el7_3    rhui-REGION-rhel-server-releases 872 k[0m
[0;32m    amazon-ebs: nss-sysinit  x86_64 3.28.4-1.2.el7_3    rhui-REGION-rhel-server-releases  58 k[0m
[0;32m    amazon-ebs: nss-tools    x86_64 3.28.4-1.2.el7_3    rhui-REGION-rhel-server-releases 496 k[0m
[0;32m    amazon-ebs: nss-util     x86_64 3.28.4-1.0.el7_3    rhui-REGION-rhel-server-releases  73 k[0m
[0;32m    amazon-ebs: openssh      x86_64 6.6.1p1-35.el7_3    rhui-REGION-rhel-server-releases 438 k[0m
[0;32m    amazon-ebs: openssh-clients[0m
[0;32m    amazon-ebs: x86_64 6.6.1p1-35.el7_3    rhui-REGION-rhel-server-releases 642 k[0m
[0;32m    amazon-ebs: openssh-server[0m
[0;32m    amazon-ebs: x86_64 6.6.1p1-35.el7_3    rhui-REGION-rhel-server-releases 440 k[0m
[0;32m    amazon-ebs: openssl      x86_64 1:1.0.1e-60.el7_3.1 rhui-REGION-rhel-server-releases 713 k[0m
[0;32m    amazon-ebs: openssl-libs x86_64 1:1.0.1e-60.el7_3.1 rhui-REGION-rhel-server-releases 959 k[0m
[0;32m    amazon-ebs: policycoreutils[0m
[0;32m    amazon-ebs: x86_64 2.5-11.el7_3        rhui-REGION-rhel-server-releases 842 k[0m
[0;32m    amazon-ebs: policycoreutils-python[0m
[0;32m    amazon-ebs: x86_64 2.5-11.el7_3        rhui-REGION-rhel-server-releases 445 k[0m
[0;32m    amazon-ebs: polkit       x86_64 0.112-12.el7_3      rhui-REGION-rhel-server-releases 167 k[0m
[0;32m    amazon-ebs: python-perf  x86_64 3.10.0-514.21.1.el7 rhui-REGION-rhel-server-releases 4.0 M[0m
[0;32m    amazon-ebs: rdma         noarch 7.3_4.7_rc2-6.el7_3 rhui-REGION-rhel-server-releases  30 k[0m
[0;32m    amazon-ebs: rh-amazon-rhui-client[0m
[0;32m    amazon-ebs: noarch 2.2.123-2.el7       rhui-REGION-client-config-server-7[0m
[0;32m    amazon-ebs: 51 k[0m
[0;32m    amazon-ebs: selinux-policy[0m
[0;32m    amazon-ebs: noarch 3.13.1-102.el7_3.16 rhui-REGION-rhel-server-releases 414 k[0m
[0;32m    amazon-ebs: selinux-policy-targeted[0m
[0;32m    amazon-ebs: noarch 3.13.1-102.el7_3.16 rhui-REGION-rhel-server-releases 6.4 M[0m
[0;32m    amazon-ebs: sudo         x86_64 1.8.6p7-22.el7_3    rhui-REGION-rhel-server-releases 735 k[0m
[0;32m    amazon-ebs: systemd      x86_64 219-30.el7_3.9      rhui-REGION-rhel-server-releases 5.2 M[0m
[0;32m    amazon-ebs: systemd-libs x86_64 219-30.el7_3.9      rhui-REGION-rhel-server-releases 369 k[0m
[0;32m    amazon-ebs: systemd-sysv x86_64 219-30.el7_3.9      rhui-REGION-rhel-server-releases  64 k[0m
[0;32m    amazon-ebs: tuned        noarch 2.7.1-3.el7_3.2     rhui-REGION-rhel-server-releases 210 k[0m
[0;32m    amazon-ebs: tzdata       noarch 2017b-1.el7         rhui-REGION-rhel-server-releases 443 k[0m
[0;32m    amazon-ebs: util-linux   x86_64 2.23.2-33.el7_3.2   rhui-REGION-rhel-server-releases 1.9 M[0m
[0;32m    amazon-ebs: vim-minimal  x86_64 2:7.4.160-1.el7_3.1 rhui-REGION-rhel-server-releases 436 k[0m
[0;32m    amazon-ebs: wpa_supplicant[0m
[0;32m    amazon-ebs: x86_64 1:2.0-21.el7_3      rhui-REGION-rhel-server-releases 788 k[0m
[0;32m    amazon-ebs: xfsprogs     x86_64 4.5.0-9.el7_3       rhui-REGION-rhel-server-releases 895 k[0m
[0;32m    amazon-ebs: yum-rhn-plugin[0m
[0;32m    amazon-ebs: noarch 2.0.1-6.1.el7_3     rhui-REGION-rhel-server-releases  80 k[0m
[0;32m    amazon-ebs: Installing for dependencies:[0m
[0;32m    amazon-ebs: linux-firmware[0m
[0;32m    amazon-ebs: noarch 20160830-49.git7534e19.el7[0m
[0;32m    amazon-ebs: rhui-REGION-rhel-server-releases  31 M[0m
[0;32m    amazon-ebs: pyserial     noarch 2.6-5.el7           rhui-REGION-rhel-server-rh-common[0m
[0;32m    amazon-ebs: 124 k[0m
[0;32m    amazon-ebs: python-babel noarch 0.9.6-8.el7         rhui-REGION-rhel-server-releases 1.4 M[0m
[0;32m    amazon-ebs: python-jinja2[0m
[0;32m    amazon-ebs: noarch 2.7.2-2.el7         rhui-REGION-rhel-server-releases 516 k[0m
[0;32m    amazon-ebs: python-markupsafe[0m
[0;32m    amazon-ebs: x86_64 0.11-10.el7         rhui-REGION-rhel-server-releases  25 k[0m
[0;32m    amazon-ebs: python-setuptools[0m
[0;32m    amazon-ebs: noarch 0.9.8-4.el7         rhui-REGION-rhel-server-releases 397 k[0m
[0;32m    amazon-ebs:[0m
[0;32m    amazon-ebs: Transaction Summary[0m
[0;32m    amazon-ebs: ================================================================================[0m
[0;32m    amazon-ebs: Install   1 Package  (+6 Dependent packages)[0m
[0;32m    amazon-ebs: Upgrade  73 Packages[0m
[0;32m    amazon-ebs:[0m
[0;32m    amazon-ebs: Total download size: 134 M[0m
[0;32m    amazon-ebs: Downloading packages:[0m
[0;32m    amazon-ebs: Delta RPMs disabled because /usr/bin/applydeltarpm not installed.[0m
[0;32m    amazon-ebs: --------------------------------------------------------------------------------[0m
[0;32m    amazon-ebs: Total                                               18 MB/s | 134 MB  00:07[0m
[0;32m    amazon-ebs: Running transaction check[0m
[0;32m    amazon-ebs: Running transaction test[0m
[0;32m    amazon-ebs: Transaction test succeeded[0m
[0;32m    amazon-ebs: Running transaction[0m
[0;32m    amazon-ebs: Installing : python-setuptools-0.9.8-4.el7.noarch                       1/153[0m
[0;32m    amazon-ebs: Installing : pyserial-2.6-5.el7.noarch                                  2/153[0m
[0;32m    amazon-ebs: Installing : linux-firmware-20160830-49.git7534e19.el7.noarch           3/153[0m
[0;32m    amazon-ebs: Installing : python-babel-0.9.6-8.el7.noarch                            4/153[0m
[0;32m    amazon-ebs: Updating   : 32:bind-license-9.9.4-38.el7_3.3.noarch                    5/153[0m
[0;32m    amazon-ebs: Updating   : tzdata-2017b-1.el7.noarch                                  6/153[0m
[0;32m    amazon-ebs: Updating   : bash-4.2.46-21.el7_3.x86_64                                7/153[0m
[0;32m    amazon-ebs: Updating   : glibc-common-2.17-157.el7_3.2.x86_64                       8/153[0m
[0;32m    amazon-ebs: Updating   : glibc-2.17-157.el7_3.2.x86_64                              9/153[0m
[0;32m    amazon-ebs: warning: /etc/nsswitch.conf created as /etc/nsswitch.conf.rpmnew[0m
[0;32m    amazon-ebs: Updating   : audit-libs-2.6.5-3.el7_3.1.x86_64                         10/153[0m
[0;32m    amazon-ebs: Updating   : nspr-4.13.1-1.0.el7_3.x86_64                              11/153[0m
[0;32m    amazon-ebs: Updating   : libuuid-2.23.2-33.el7_3.2.x86_64                          12/153[0m
[0;32m    amazon-ebs: Updating   : nss-util-3.28.4-1.0.el7_3.x86_64                          13/153[0m
[0;32m    amazon-ebs: Updating   : nss-3.28.4-1.2.el7_3.x86_64                               14/153[0m
[0;32m    amazon-ebs: Updating   : nss-sysinit-3.28.4-1.2.el7_3.x86_64                       15/153[0m
[0;32m    amazon-ebs: Updating   : libblkid-2.23.2-33.el7_3.2.x86_64                         16/153[0m
[0;32m    amazon-ebs: Updating   : libsemanage-2.5-5.1.el7_3.x86_64                          17/153[0m
[0;32m    amazon-ebs: Updating   : libnl3-3.2.28-3.el7_3.x86_64                              18/153[0m
[0;32m    amazon-ebs: Updating   : libgcrypt-1.5.3-13.el7_3.1.x86_64                         19/153[0m
[0;32m    amazon-ebs: Updating   : systemd-libs-219-30.el7_3.9.x86_64                        20/153[0m
[0;32m    amazon-ebs: Updating   : libgudev1-219-30.el7_3.9.x86_64                           21/153[0m
[0;32m    amazon-ebs: Updating   : 1:NetworkManager-libnm-1.4.0-20.el7_3.x86_64              22/153[0m
[0;32m    amazon-ebs: Updating   : libmount-2.23.2-33.el7_3.2.x86_64                         23/153[0m
[0;32m    amazon-ebs: Updating   : systemd-219-30.el7_3.9.x86_64                             24/153[0m
[0;32m    amazon-ebs: Updating   : util-linux-2.23.2-33.el7_3.2.x86_64                       25/153[0m
[0;32m    amazon-ebs: Updating   : policycoreutils-2.5-11.el7_3.x86_64                       26/153[0m
[0;32m    amazon-ebs: Updating   : systemd-sysv-219-30.el7_3.9.x86_64                        27/153[0m
[0;32m    amazon-ebs: Updating   : selinux-policy-3.13.1-102.el7_3.16.noarch                 28/153[0m
[0;32m    amazon-ebs: Updating   : 7:device-mapper-1.02.135-1.el7_3.4.x86_64                 29/153[0m
[0;32m    amazon-ebs: Updating   : 7:device-mapper-libs-1.02.135-1.el7_3.4.x86_64            30/153[0m
[0;32m    amazon-ebs: Updating   : kpartx-0.4.9-99.el7_3.3.x86_64                            31/153[0m
[0;32m    amazon-ebs: Updating   : dracut-033-463.el7_3.1.x86_64                             32/153[0m
[0;32m    amazon-ebs: Updating   : initscripts-9.49.37-1.el7_3.1.x86_64                      33/153[0m
[0;32m    amazon-ebs: Updating   : libsemanage-python-2.5-5.1.el7_3.x86_64                   34/153[0m
[0;32m    amazon-ebs: Updating   : grubby-8.28-21.el7_3.x86_64                               35/153[0m
[0;32m    amazon-ebs: Updating   : audit-libs-python-2.6.5-3.el7_3.1.x86_64                  36/153[0m
[0;32m    amazon-ebs: Updating   : policycoreutils-python-2.5-11.el7_3.x86_64                37/153[0m
[0;32m    amazon-ebs: Installing : python-markupsafe-0.11-10.el7.x86_64                      38/153[0m
[0;32m    amazon-ebs: Installing : python-jinja2-2.7.2-2.el7.noarch                          39/153[0m
[0;32m    amazon-ebs: Updating   : 2:vim-minimal-7.4.160-1.el7_3.1.x86_64                    40/153[0m
[0;32m    amazon-ebs: Updating   : expat-2.1.0-10.el7_3.x86_64                               41/153[0m
[0;32m    amazon-ebs: Updating   : polkit-0.112-12.el7_3.x86_64                              42/153[0m
[0;32m    amazon-ebs: Updating   : kernel-tools-libs-3.10.0-514.21.1.el7.x86_64              43/153[0m
[0;32m    amazon-ebs: Updating   : python-perf-3.10.0-514.21.1.el7.x86_64                    44/153[0m
[0;32m    amazon-ebs: Updating   : 1:dmidecode-3.0-2.1.el7_3.x86_64                          45/153[0m
[0;32m    amazon-ebs: Updating   : ca-certificates-2017.2.11-70.1.el7_3.noarch               46/153[0m
[0;32m    amazon-ebs: Updating   : 1:openssl-libs-1.0.1e-60.el7_3.1.x86_64                   47/153[0m
[0;32m    amazon-ebs: Updating   : krb5-libs-1.14.1-27.el7_3.x86_64                          48/153[0m
[0;32m    amazon-ebs: Updating   : openssh-6.6.1p1-35.el7_3.x86_64                           49/153[0m
[0;32m    amazon-ebs: Updating   : 1:wpa_supplicant-2.0-21.el7_3.x86_64                      50/153[0m
[0;32m    amazon-ebs: Updating   : 1:NetworkManager-1.4.0-20.el7_3.x86_64                    51/153[0m
[0;32m    amazon-ebs: Updating   : yum-rhn-plugin-2.0.1-6.1.el7_3.noarch                     52/153[0m
[0;32m    amazon-ebs: Updating   : rh-amazon-rhui-client-2.2.123-2.el7.noarch                53/153[0m
[0;32m    amazon-ebs: [INFO:choose_repo] choose_repo:39 2017-06-08 17:37:10,127: Zone [eu-central-1b][0m
[0;32m    amazon-ebs: [INFO:choose_repo] choose_repo:67 2017-06-08 17:37:10,127: Enabling binary repos in redhat-rhui.repo[0m
[0;32m    amazon-ebs: [INFO:choose_repo] choose_repo:86 2017-06-08 17:37:10,129: Enabling load balancer plugin[0m
[0;32m    amazon-ebs: [INFO:choose_repo] choose_repo:88 2017-06-08 17:37:10,129: Executing [sed -i 's/enabled=0/enabled=1/' /etc/yum/pluginconf.d/rhui-lb.conf][0m
[0;32m    amazon-ebs: [INFO:choose_repo] choose_repo:92 2017-06-08 17:37:10,133: Setting region in load balancer config[0m
[0;32m    amazon-ebs: [INFO:choose_repo] choose_repo:94 2017-06-08 17:37:10,133: Executing [sed -i 's/REGION/eu-central-1/' /etc/yum.repos.d/rhui-load-balancers.conf][0m
[0;32m    amazon-ebs: [INFO:choose_repo] choose_repo:98 2017-06-08 17:37:10,136: Enabling client config repo[0m
[0;32m    amazon-ebs: [INFO:choose_repo] choose_repo:101 2017-06-08 17:37:10,136: Executing [sed -i 's/enabled=0/enabled=1/' /etc/yum.repos.d/redhat-rhui-client-config.repo][0m
[0;32m    amazon-ebs: Updating   : 1:NetworkManager-team-1.4.0-20.el7_3.x86_64               54/153[0m
[0;32m    amazon-ebs: Updating   : 1:NetworkManager-tui-1.4.0-20.el7_3.x86_64                55/153[0m
[0;32m    amazon-ebs: Updating   : openssh-server-6.6.1p1-35.el7_3.x86_64                    56/153[0m
[0;32m    amazon-ebs: Updating   : openssh-clients-6.6.1p1-35.el7_3.x86_64                   57/153[0m
[0;32m    amazon-ebs: Updating   : audit-2.6.5-3.el7_3.1.x86_64                              58/153[0m
[0;32m    amazon-ebs: Updating   : 32:bind-libs-lite-9.9.4-38.el7_3.3.x86_64                 59/153[0m
[0;32m    amazon-ebs: Updating   : 1:openssl-1.0.1e-60.el7_3.1.x86_64                        60/153[0m
[0;32m    amazon-ebs: Updating   : cloud-init-0.7.9-3.el7.x86_64                             61/153[0m
[0;32m    amazon-ebs: warning: /etc/cloud/cloud.cfg created as /etc/cloud/cloud.cfg.rpmnew[0m
[0;32m    amazon-ebs: Updating   : tuned-2.7.1-3.el7_3.2.noarch                              62/153[0m
[0;32m    amazon-ebs: Updating   : kernel-tools-3.10.0-514.21.1.el7.x86_64                   63/153[0m
[0;32m    amazon-ebs: Updating   : sudo-1.8.6p7-22.el7_3.x86_64                              64/153[0m
[0;32m    amazon-ebs: Installing : kernel-3.10.0-514.21.1.el7.x86_64                         65/153[0m
[0;32m    amazon-ebs: Updating   : dracut-config-generic-033-463.el7_3.1.x86_64              66/153[0m
[0;32m    amazon-ebs: Updating   : rdma-7.3_4.7_rc2-6.el7_3.noarch                           67/153[0m
[0;32m    amazon-ebs: Updating   : dracut-network-033-463.el7_3.1.x86_64                     68/153[0m
[0;32m    amazon-ebs: Updating   : dracut-config-rescue-033-463.el7_3.1.x86_64               69/153[0m
[0;32m    amazon-ebs: Updating   : selinux-policy-targeted-3.13.1-102.el7_3.16.noarch        70/153[0m
[0;32m    amazon-ebs: Updating   : cloud-utils-growpart-0.29-1.el7.noarch                    71/153[0m
[0;32m    amazon-ebs: Updating   : 3:irqbalance-1.0.7-6.el7_3.1.x86_64                       72/153[0m
[0;32m    amazon-ebs: Updating   : 2:microcode_ctl-2.1-16.3.el7_3.x86_64                     73/153[0m
[0;32m    amazon-ebs: Updating   : chrony-2.1.1-4.el7_3.x86_64                               74/153[0m
[0;32m    amazon-ebs: Updating   : libnl3-cli-3.2.28-3.el7_3.x86_64                          75/153[0m
[0;32m    amazon-ebs: Updating   : xfsprogs-4.5.0-9.el7_3.x86_64                             76/153[0m
[0;32m    amazon-ebs: Updating   : nss-tools-3.28.4-1.2.el7_3.x86_64                         77/153[0m
[0;32m    amazon-ebs: Updating   : libnetfilter_conntrack-1.0.6-1.el7_3.x86_64               78/153[0m
[0;32m    amazon-ebs: Updating   : 1:NetworkManager-config-server-1.4.0-20.el7_3.x86_64      79/153[0m
[0;32m    amazon-ebs: Updating   : 1:emacs-filesystem-24.3-19.el7_3.noarch                   80/153[0m
[0;32m    amazon-ebs: Cleanup    : 1:NetworkManager-tui-1.4.0-12.el7.x86_64                  81/153[0m
[0;32m    amazon-ebs: Cleanup    : openssh-server-6.6.1p1-31.el7.x86_64                      82/153[0m
[0;32m    amazon-ebs: Cleanup    : tuned-2.7.1-3.el7.noarch                                  83/153[0m
[0;32m    amazon-ebs: Cleanup    : cloud-init-0.7.6-2.el7.x86_64                             84/153[0m
[0;32m    amazon-ebs: Cleanup    : selinux-policy-targeted-3.13.1-102.el7.noarch             85/153[0m
[0;32m    amazon-ebs: Cleanup    : selinux-policy-3.13.1-102.el7.noarch                      86/153[0m
[0;32m    amazon-ebs: Cleanup    : rdma-7.3_4.7_rc2-5.el7.noarch                             87/153[0m
[0;32m    amazon-ebs: Cleanup    : dracut-config-rescue-033-463.el7.x86_64                   88/153[0m
[0;32m    amazon-ebs: Cleanup    : dracut-network-033-463.el7.x86_64                         89/153[0m
[0;32m    amazon-ebs: Cleanup    : cloud-utils-growpart-0.27-13.el7.noarch                   90/153[0m
[0;32m    amazon-ebs: Cleanup    : rh-amazon-rhui-client-2.2.118-1.el7.noarch                91/153[0m
[0;32m    amazon-ebs: Cleanup    : yum-rhn-plugin-2.0.1-6.el7.noarch                         92/153[0m
[0;32m    amazon-ebs: Cleanup    : dracut-config-generic-033-463.el7.x86_64                  93/153[0m
[0;32m    amazon-ebs: Cleanup    : nss-tools-3.21.0-17.el7.x86_64                            94/153[0m
[0;32m    amazon-ebs: Cleanup    : openssh-clients-6.6.1p1-31.el7.x86_64                     95/153[0m
[0;32m    amazon-ebs: Cleanup    : 1:openssl-1.0.1e-60.el7.x86_64                            96/153[0m
[0;32m    amazon-ebs: Cleanup    : 32:bind-libs-lite-9.9.4-37.el7.x86_64                     97/153[0m
[0;32m    amazon-ebs: Cleanup    : audit-2.6.5-3.el7.x86_64                                  98/153[0m
[0;32m    amazon-ebs: Cleanup    : openssh-6.6.1p1-31.el7.x86_64                             99/153[0m
[0;32m    amazon-ebs: Cleanup    : xfsprogs-4.5.0-8.el7.x86_64                              100/153[0m
[0;32m    amazon-ebs: Cleanup    : sudo-1.8.6p7-20.el7.x86_64                               101/153[0m
[0;32m    amazon-ebs: Cleanup    : dracut-033-463.el7.x86_64                                102/153[0m
[0;32m    amazon-ebs: Cleanup    : policycoreutils-python-2.5-8.el7.x86_64                  103/153[0m
[0;32m    amazon-ebs: Cleanup    : policycoreutils-2.5-8.el7.x86_64                         104/153[0m
[0;32m    amazon-ebs: Cleanup    : kernel-tools-3.10.0-514.el7.x86_64                       105/153[0m
[0;32m    amazon-ebs: Cleanup    : initscripts-9.49.37-1.el7.x86_64                         106/153[0m
[0;32m    amazon-ebs: Cleanup    : 1:NetworkManager-team-1.4.0-12.el7.x86_64                107/153[0m
[0;32m    amazon-ebs: Cleanup    : 1:NetworkManager-1.4.0-12.el7.x86_64                     108/153[0m
[0;32m    amazon-ebs: Cleanup    : 1:NetworkManager-libnm-1.4.0-12.el7.x86_64               109/153[0m
[0;32m    amazon-ebs: Cleanup    : nss-sysinit-3.21.0-17.el7.x86_64                         110/153[0m
[0;32m    amazon-ebs: Cleanup    : nss-3.21.0-17.el7.x86_64                                 111/153[0m
[0;32m    amazon-ebs: Cleanup    : 1:wpa_supplicant-2.0-20.el7.x86_64                       112/153[0m
[0;32m    amazon-ebs: Cleanup    : polkit-0.112-9.el7.x86_64                                113/153[0m
[0;32m    amazon-ebs: Cleanup    : krb5-libs-1.14.1-26.el7.x86_64                           114/153[0m
[0;32m    amazon-ebs: Cleanup    : 1:openssl-libs-1.0.1e-60.el7.x86_64                      115/153[0m
[0;32m    amazon-ebs: Cleanup    : nss-util-3.21.0-2.2.el7_2.x86_64                         116/153[0m
[0;32m    amazon-ebs: Cleanup    : libgudev1-219-30.el7.x86_64                              117/153[0m
[0;32m    amazon-ebs: Cleanup    : libsemanage-python-2.5-4.el7.x86_64                      118/153[0m
[0;32m    amazon-ebs: Cleanup    : libsemanage-2.5-4.el7.x86_64                             119/153[0m
[0;32m    amazon-ebs: Cleanup    : kpartx-0.4.9-99.el7.x86_64                               120/153[0m
[0;32m    amazon-ebs: Cleanup    : 7:device-mapper-1.02.135-1.el7.x86_64                    121/153[0m
[0;32m    amazon-ebs: Cleanup    : 7:device-mapper-libs-1.02.135-1.el7.x86_64               122/153[0m
[0;32m    amazon-ebs: Cleanup    : util-linux-2.23.2-33.el7.x86_64                          123/153[0m
[0;32m    amazon-ebs: Cleanup    : libnl3-cli-3.2.28-2.el7.x86_64                           124/153[0m
[0;32m    amazon-ebs: Cleanup    : grubby-8.28-18.el7.x86_64                                125/153[0m
[0;32m    amazon-ebs: Cleanup    : chrony-2.1.1-3.el7.x86_64                                126/153[0m
[0;32m    amazon-ebs: Cleanup    : 2:microcode_ctl-2.1-16.el7.x86_64                        127/153[0m
[0;32m    amazon-ebs: Cleanup    : 3:irqbalance-1.0.7-6.el7.x86_64                          128/153[0m
[0;32m    amazon-ebs: Cleanup    : ca-certificates-2015.2.6-73.el7.noarch                   129/153[0m
[0;32m    amazon-ebs: Cleanup    : systemd-sysv-219-30.el7.x86_64                           130/153[0m
[0;32m    amazon-ebs: Cleanup    : 32:bind-license-9.9.4-37.el7.noarch                      131/153[0m
[0;32m    amazon-ebs: Cleanup    : 1:NetworkManager-config-server-1.4.0-12.el7.x86_64       132/153[0m
[0;32m    amazon-ebs: Cleanup    : 1:emacs-filesystem-24.3-18.el7.noarch                    133/153[0m
[0;32m    amazon-ebs: Cleanup    : systemd-219-30.el7.x86_64                                134/153[0m
[0;32m    amazon-ebs: Cleanup    : libmount-2.23.2-33.el7.x86_64                            135/153[0m
[0;32m    amazon-ebs: Cleanup    : libblkid-2.23.2-33.el7.x86_64                            136/153[0m
[0;32m    amazon-ebs: Cleanup    : systemd-libs-219-30.el7.x86_64                           137/153[0m
[0;32m    amazon-ebs: Cleanup    : audit-libs-python-2.6.5-3.el7.x86_64                     138/153[0m
[0;32m    amazon-ebs: Cleanup    : audit-libs-2.6.5-3.el7.x86_64                            139/153[0m
[0;32m    amazon-ebs: Cleanup    : libgcrypt-1.5.3-12.el7_1.1.x86_64                        140/153[0m
[0;32m    amazon-ebs: Cleanup    : libuuid-2.23.2-33.el7.x86_64                             141/153[0m
[0;32m    amazon-ebs: Cleanup    : libnl3-3.2.28-2.el7.x86_64                               142/153[0m
[0;32m    amazon-ebs: Cleanup    : nspr-4.11.0-1.el7_2.x86_64                               143/153[0m
[0;32m    amazon-ebs: Cleanup    : expat-2.1.0-8.el7.x86_64                                 144/153[0m
[0;32m    amazon-ebs: Cleanup    : kernel-tools-libs-3.10.0-514.el7.x86_64                  145/153[0m
[0;32m    amazon-ebs: Cleanup    : 2:vim-minimal-7.4.160-1.el7.x86_64                       146/153[0m
[0;32m    amazon-ebs: Cleanup    : 1:dmidecode-3.0-2.el7.x86_64                             147/153[0m
[0;32m    amazon-ebs: Cleanup    : python-perf-3.10.0-514.el7.x86_64                        148/153[0m
[0;32m    amazon-ebs: Cleanup    : libnetfilter_conntrack-1.0.4-2.el7.x86_64                149/153[0m
[0;32m    amazon-ebs: Cleanup    : bash-4.2.46-20.el7_2.x86_64                              150/153[0m
[0;32m    amazon-ebs: Cleanup    : glibc-common-2.17-157.el7.x86_64                         151/153[0m
[0;32m    amazon-ebs: Cleanup    : glibc-2.17-157.el7.x86_64                                152/153[0m
